# JRE version: OpenJDK Runtime Environment Temurin-21.0.7+6 (21.0.7+6) (build 21.0.7+6-LTS)
# Java VM: OpenJDK 64-Bit Server VM Temurin-21.0.7+6 (21.0.7+6-LTS, mixed mode, sharing, tiered, compressed oops, compressed class ptrs, parallel gc, windows-amd64)
GC Precious Log:
 CardTable entry size: 512
 CPUs: 20 total, 20 available
 Memory: 32452M
 Large Page Support: Disabled
 NUMA Support: Disabled
 Compressed Oops: Enabled (32-bit)
 Alignments: Space 512K, Generation 512K, Heap 2M
 Heap Min Capacity: 100M
 Heap Initial Capacity: 100M
 Heap Max Capacity: 1G
 Pre-touch: Disabled
 Parallel Workers: 15
Heap:
 PSYoungGen      total 4096K, used 4064K [0x00000000eab00000, 0x00000000eb080000, 0x0000000100000000)
  eden space 3072K, 100% used [0x00000000eab00000,0x00000000eae00000,0x00000000eae00000)
  from space 1024K, 96% used [0x00000000eae80000,0x00000000eaf78288,0x00000000eaf80000)
  to   space 1024K, 98% used [0x00000000eaf80000,0x00000000eb07b588,0x00000000eb080000)
 ParOldGen       total 461312K, used 460829K [0x00000000c0000000, 0x00000000dc280000, 0x00000000eab00000)
  object space 461312K, 99% used [0x00000000c0000000,0x00000000dc207648,0x00000000dc280000)
 Metaspace       used 64313K, committed 65664K, reserved 1114112K
  class space    used 6503K, committed 7104K, reserved 1048576K
GC Heap History (20 events):
Event: 13.544 GC heap after
{Heap after GC invocations=572 (full 3):
 PSYoungGen      total 3584K, used 895K [0x00000000eab00000, 0x00000000eb000000, 0x0000000100000000)
  eden space 2560K, 0% used [0x00000000eab00000,0x00000000eab00000,0x00000000ead80000)
  from space 1024K, 87% used [0x00000000ead80000,0x00000000eae5ff60,0x00000000eae80000)
  to   space 1024K, 0% used [0x00000000eaf00000,0x00000000eaf00000,0x00000000eb000000)
 ParOldGen       total 452608K, used 452587K [0x00000000c0000000, 0x00000000dba00000, 0x00000000eab00000)
  object space 452608K, 99% used [0x00000000c0000000,0x00000000db9fafe8,0x00000000dba00000)
 Metaspace       used 64093K, committed 65408K, reserved 1114112K
  class space    used 6500K, committed 7040K, reserved 1048576K
}
Event: 13.551 GC heap before
{Heap before GC invocations=573 (full 3):
 PSYoungGen      total 3584K, used 3455K [0x00000000eab00000, 0x00000000eb000000, 0x0000000100000000)
  eden space 2560K, 100% used [0x00000000eab00000,0x00000000ead80000,0x00000000ead80000)
  from space 1024K, 87% used [0x00000000ead80000,0x00000000eae5ff60,0x00000000eae80000)
  to   space 1024K, 0% used [0x00000000eaf00000,0x00000000eaf00000,0x00000000eb000000)
 ParOldGen       total 452608K, used 452587K [0x00000000c0000000, 0x00000000dba00000, 0x00000000eab00000)
  object space 452608K, 99% used [0x00000000c0000000,0x00000000db9fafe8,0x00000000dba00000)
 Metaspace       used 64112K, committed 65472K, reserved 1114112K
  class space    used 6501K, committed 7104K, reserved 1048576K
}
Event: 13.552 GC heap after
{Heap after GC invocations=573 (full 3):
 PSYoungGen      total 4096K, used 819K [0x00000000eab00000, 0x00000000eb000000, 0x0000000100000000)
  eden space 3072K, 0% used [0x00000000eab00000,0x00000000eab00000,0x00000000eae00000)
  from space 1024K, 80% used [0x00000000eaf00000,0x00000000eafccfd8,0x00000000eb000000)
  to   space 1024K, 0% used [0x00000000eae00000,0x00000000eae00000,0x00000000eaf00000)
 ParOldGen       total 453632K, used 453282K [0x00000000c0000000, 0x00000000dbb00000, 0x00000000eab00000)
  object space 453632K, 99% used [0x00000000c0000000,0x00000000dbaa8808,0x00000000dbb00000)
 Metaspace       used 64112K, committed 65472K, reserved 1114112K
  class space    used 6501K, committed 7104K, reserved 1048576K
}
Event: 13.559 GC heap before
{Heap before GC invocations=574 (full 3):
 PSYoungGen      total 4096K, used 3891K [0x00000000eab00000, 0x00000000eb000000, 0x0000000100000000)
  eden space 3072K, 100% used [0x00000000eab00000,0x00000000eae00000,0x00000000eae00000)
  from space 1024K, 80% used [0x00000000eaf00000,0x00000000eafccfd8,0x00000000eb000000)
  to   space 1024K, 0% used [0x00000000eae00000,0x00000000eae00000,0x00000000eaf00000)
 ParOldGen       total 453632K, used 453282K [0x00000000c0000000, 0x00000000dbb00000, 0x00000000eab00000)
  object space 453632K, 99% used [0x00000000c0000000,0x00000000dbaa8808,0x00000000dbb00000)
 Metaspace       used 64136K, committed 65472K, reserved 1114112K
  class space    used 6502K, committed 7104K, reserved 1048576K
}
Event: 13.560 GC heap after
{Heap after GC invocations=574 (full 3):
 PSYoungGen      total 4096K, used 864K [0x00000000eab00000, 0x00000000eb000000, 0x0000000100000000)
  eden space 3072K, 0% used [0x00000000eab00000,0x00000000eab00000,0x00000000eae00000)
  from space 1024K, 84% used [0x00000000eae00000,0x00000000eaed83e8,0x00000000eaf00000)
  to   space 1024K, 0% used [0x00000000eaf00000,0x00000000eaf00000,0x00000000eb000000)
 ParOldGen       total 454144K, used 453912K [0x00000000c0000000, 0x00000000dbb80000, 0x00000000eab00000)
  object space 454144K, 99% used [0x00000000c0000000,0x00000000dbb46358,0x00000000dbb80000)
 Metaspace       used 64136K, committed 65472K, reserved 1114112K
  class space    used 6502K, committed 7104K, reserved 1048576K
}
Event: 13.566 GC heap before
{Heap before GC invocations=575 (full 3):
 PSYoungGen      total 4096K, used 3936K [0x00000000eab00000, 0x00000000eb000000, 0x0000000100000000)
  eden space 3072K, 100% used [0x00000000eab00000,0x00000000eae00000,0x00000000eae00000)
  from space 1024K, 84% used [0x00000000eae00000,0x00000000eaed83e8,0x00000000eaf00000)
  to   space 1024K, 0% used [0x00000000eaf00000,0x00000000eaf00000,0x00000000eb000000)
 ParOldGen       total 454144K, used 453912K [0x00000000c0000000, 0x00000000dbb80000, 0x00000000eab00000)
  object space 454144K, 99% used [0x00000000c0000000,0x00000000dbb46358,0x00000000dbb80000)
 Metaspace       used 64146K, committed 65472K, reserved 1114112K
  class space    used 6502K, committed 7104K, reserved 1048576K
}
Event: 13.567 GC heap after
{Heap after GC invocations=575 (full 3):
 PSYoungGen      total 4096K, used 925K [0x00000000eab00000, 0x00000000eb000000, 0x0000000100000000)
  eden space 3072K, 0% used [0x00000000eab00000,0x00000000eab00000,0x00000000eae00000)
  from space 1024K, 90% used [0x00000000eaf00000,0x00000000eafe7688,0x00000000eb000000)
  to   space 1024K, 0% used [0x00000000eae00000,0x00000000eae00000,0x00000000eaf00000)
 ParOldGen       total 454656K, used 454647K [0x00000000c0000000, 0x00000000dbc00000, 0x00000000eab00000)
  object space 454656K, 99% used [0x00000000c0000000,0x00000000dbbfdcf0,0x00000000dbc00000)
 Metaspace       used 64146K, committed 65472K, reserved 1114112K
  class space    used 6502K, committed 7104K, reserved 1048576K
}
Event: 13.572 GC heap before
{Heap before GC invocations=576 (full 3):
 PSYoungGen      total 4096K, used 3997K [0x00000000eab00000, 0x00000000eb000000, 0x0000000100000000)
  eden space 3072K, 99% used [0x00000000eab00000,0x00000000eadffff0,0x00000000eae00000)
  from space 1024K, 90% used [0x00000000eaf00000,0x00000000eafe7688,0x00000000eb000000)
  to   space 1024K, 0% used [0x00000000eae00000,0x00000000eae00000,0x00000000eaf00000)
 ParOldGen       total 454656K, used 454647K [0x00000000c0000000, 0x00000000dbc00000, 0x00000000eab00000)
  object space 454656K, 99% used [0x00000000c0000000,0x00000000dbbfdcf0,0x00000000dbc00000)
 Metaspace       used 64158K, committed 65472K, reserved 1114112K
  class space    used 6502K, committed 7104K, reserved 1048576K
}
Event: 13.573 GC heap after
{Heap after GC invocations=576 (full 3):
 PSYoungGen      total 4096K, used 979K [0x00000000eab00000, 0x00000000eb000000, 0x0000000100000000)
  eden space 3072K, 0% used [0x00000000eab00000,0x00000000eab00000,0x00000000eae00000)
  from space 1024K, 95% used [0x00000000eae00000,0x00000000eaef4e00,0x00000000eaf00000)
  to   space 1024K, 0% used [0x00000000eaf00000,0x00000000eaf00000,0x00000000eb000000)
 ParOldGen       total 455680K, used 455369K [0x00000000c0000000, 0x00000000dbd00000, 0x00000000eab00000)
  object space 455680K, 99% used [0x00000000c0000000,0x00000000dbcb25f8,0x00000000dbd00000)
 Metaspace       used 64158K, committed 65472K, reserved 1114112K
  class space    used 6502K, committed 7104K, reserved 1048576K
}
Event: 13.579 GC heap before
{Heap before GC invocations=577 (full 3):
 PSYoungGen      total 4096K, used 4051K [0x00000000eab00000, 0x00000000eb000000, 0x0000000100000000)
  eden space 3072K, 100% used [0x00000000eab00000,0x00000000eae00000,0x00000000eae00000)
  from space 1024K, 95% used [0x00000000eae00000,0x00000000eaef4e00,0x00000000eaf00000)
  to   space 1024K, 0% used [0x00000000eaf00000,0x00000000eaf00000,0x00000000eb000000)
 ParOldGen       total 455680K, used 455369K [0x00000000c0000000, 0x00000000dbd00000, 0x00000000eab00000)
  object space 455680K, 99% used [0x00000000c0000000,0x00000000dbcb25f8,0x00000000dbd00000)
 Metaspace       used 64190K, committed 65536K, reserved 1114112K
  class space    used 6502K, committed 7104K, reserved 1048576K
}
Event: 13.580 GC heap after
{Heap after GC invocations=577 (full 3):
 PSYoungGen      total 4096K, used 979K [0x00000000eab00000, 0x00000000eb000000, 0x0000000100000000)
  eden space 3072K, 0% used [0x00000000eab00000,0x00000000eab00000,0x00000000eae00000)
  from space 1024K, 95% used [0x00000000eaf00000,0x00000000eaff4e98,0x00000000eb000000)
  to   space 1024K, 0% used [0x00000000eae00000,0x00000000eae00000,0x00000000eaf00000)
 ParOldGen       total 456192K, used 456179K [0x00000000c0000000, 0x00000000dbd80000, 0x00000000eab00000)
  object space 456192K, 99% used [0x00000000c0000000,0x00000000dbd7cfc8,0x00000000dbd80000)
 Metaspace       used 64190K, committed 65536K, reserved 1114112K
  class space    used 6502K, committed 7104K, reserved 1048576K
}
Event: 13.586 GC heap before
{Heap before GC invocations=578 (full 3):
 PSYoungGen      total 4096K, used 4051K [0x00000000eab00000, 0x00000000eb000000, 0x0000000100000000)
  eden space 3072K, 100% used [0x00000000eab00000,0x00000000eae00000,0x00000000eae00000)
  from space 1024K, 95% used [0x00000000eaf00000,0x00000000eaff4e98,0x00000000eb000000)
  to   space 1024K, 0% used [0x00000000eae00000,0x00000000eae00000,0x00000000eaf00000)
 ParOldGen       total 456192K, used 456179K [0x00000000c0000000, 0x00000000dbd80000, 0x00000000eab00000)
  object space 456192K, 99% used [0x00000000c0000000,0x00000000dbd7cfc8,0x00000000dbd80000)
 Metaspace       used 64228K, committed 65536K, reserved 1114112K
  class space    used 6502K, committed 7104K, reserved 1048576K
}
Event: 13.587 GC heap after
{Heap after GC invocations=578 (full 3):
 PSYoungGen      total 4096K, used 1004K [0x00000000eab00000, 0x00000000eb200000, 0x0000000100000000)
  eden space 3072K, 0% used [0x00000000eab00000,0x00000000eab00000,0x00000000eae00000)
  from space 1024K, 98% used [0x00000000eae00000,0x00000000eaefb3c8,0x00000000eaf00000)
  to   space 2048K, 0% used [0x00000000eb000000,0x00000000eb000000,0x00000000eb200000)
 ParOldGen       total 457216K, used 456988K [0x00000000c0000000, 0x00000000dbe80000, 0x00000000eab00000)
  object space 457216K, 99% used [0x00000000c0000000,0x00000000dbe47130,0x00000000dbe80000)
 Metaspace       used 64228K, committed 65536K, reserved 1114112K
  class space    used 6502K, committed 7104K, reserved 1048576K
}
Event: 13.593 GC heap before
{Heap before GC invocations=579 (full 3):
 PSYoungGen      total 4096K, used 4076K [0x00000000eab00000, 0x00000000eb200000, 0x0000000100000000)
  eden space 3072K, 100% used [0x00000000eab00000,0x00000000eae00000,0x00000000eae00000)
  from space 1024K, 98% used [0x00000000eae00000,0x00000000eaefb3c8,0x00000000eaf00000)
  to   space 2048K, 0% used [0x00000000eb000000,0x00000000eb000000,0x00000000eb200000)
 ParOldGen       total 457216K, used 456988K [0x00000000c0000000, 0x00000000dbe80000, 0x00000000eab00000)
  object space 457216K, 99% used [0x00000000c0000000,0x00000000dbe47130,0x00000000dbe80000)
 Metaspace       used 64242K, committed 65600K, reserved 1114112K
  class space    used 6503K, committed 7104K, reserved 1048576K
}
Event: 13.594 GC heap after
{Heap after GC invocations=579 (full 3):
 PSYoungGen      total 4096K, used 972K [0x00000000eab00000, 0x00000000eb100000, 0x0000000100000000)
  eden space 3072K, 0% used [0x00000000eab00000,0x00000000eab00000,0x00000000eae00000)
  from space 1024K, 94% used [0x00000000eb000000,0x00000000eb0f3118,0x00000000eb100000)
  to   space 1536K, 0% used [0x00000000eae00000,0x00000000eae00000,0x00000000eaf80000)
 ParOldGen       total 458240K, used 457825K [0x00000000c0000000, 0x00000000dbf80000, 0x00000000eab00000)
  object space 458240K, 99% used [0x00000000c0000000,0x00000000dbf185c8,0x00000000dbf80000)
 Metaspace       used 64242K, committed 65600K, reserved 1114112K
  class space    used 6503K, committed 7104K, reserved 1048576K
}
Event: 13.600 GC heap before
{Heap before GC invocations=580 (full 3):
 PSYoungGen      total 4096K, used 4043K [0x00000000eab00000, 0x00000000eb100000, 0x0000000100000000)
  eden space 3072K, 99% used [0x00000000eab00000,0x00000000eadffc70,0x00000000eae00000)
  from space 1024K, 94% used [0x00000000eb000000,0x00000000eb0f3118,0x00000000eb100000)
  to   space 1536K, 0% used [0x00000000eae00000,0x00000000eae00000,0x00000000eaf80000)
 ParOldGen       total 458240K, used 457825K [0x00000000c0000000, 0x00000000dbf80000, 0x00000000eab00000)
  object space 458240K, 99% used [0x00000000c0000000,0x00000000dbf185c8,0x00000000dbf80000)
 Metaspace       used 64252K, committed 65600K, reserved 1114112K
  class space    used 6503K, committed 7104K, reserved 1048576K
}
Event: 13.601 GC heap after
{Heap after GC invocations=580 (full 3):
 PSYoungGen      total 4608K, used 992K [0x00000000eab00000, 0x00000000eb100000, 0x0000000100000000)
  eden space 3072K, 0% used [0x00000000eab00000,0x00000000eab00000,0x00000000eae00000)
  from space 1536K, 64% used [0x00000000eae00000,0x00000000eaef8000,0x00000000eaf80000)
  to   space 1536K, 0% used [0x00000000eaf80000,0x00000000eaf80000,0x00000000eb100000)
 ParOldGen       total 458752K, used 458636K [0x00000000c0000000, 0x00000000dc000000, 0x00000000eab00000)
  object space 458752K, 99% used [0x00000000c0000000,0x00000000dbfe31f0,0x00000000dc000000)
 Metaspace       used 64252K, committed 65600K, reserved 1114112K
  class space    used 6503K, committed 7104K, reserved 1048576K
}
Event: 13.608 GC heap before
{Heap before GC invocations=581 (full 3):
 PSYoungGen      total 4608K, used 4064K [0x00000000eab00000, 0x00000000eb100000, 0x0000000100000000)
  eden space 3072K, 100% used [0x00000000eab00000,0x00000000eae00000,0x00000000eae00000)
  from space 1536K, 64% used [0x00000000eae00000,0x00000000eaef8000,0x00000000eaf80000)
  to   space 1536K, 0% used [0x00000000eaf80000,0x00000000eaf80000,0x00000000eb100000)
 ParOldGen       total 458752K, used 458636K [0x00000000c0000000, 0x00000000dc000000, 0x00000000eab00000)
  object space 458752K, 99% used [0x00000000c0000000,0x00000000dbfe31f0,0x00000000dc000000)
 Metaspace       used 64283K, committed 65600K, reserved 1114112K
  class space    used 6503K, committed 7104K, reserved 1048576K
}
Event: 13.609 GC heap after
{Heap after GC invocations=581 (full 3):
 PSYoungGen      total 4096K, used 901K [0x00000000eab00000, 0x00000000eb080000, 0x0000000100000000)
  eden space 3072K, 0% used [0x00000000eab00000,0x00000000eab00000,0x00000000eae00000)
  from space 1024K, 88% used [0x00000000eaf80000,0x00000000eb061760,0x00000000eb080000)
  to   space 1024K, 0% used [0x00000000eae80000,0x00000000eae80000,0x00000000eaf80000)
 ParOldGen       total 459776K, used 459382K [0x00000000c0000000, 0x00000000dc100000, 0x00000000eab00000)
  object space 459776K, 99% used [0x00000000c0000000,0x00000000dc09da90,0x00000000dc100000)
 Metaspace       used 64283K, committed 65600K, reserved 1114112K
  class space    used 6503K, committed 7104K, reserved 1048576K
}
Event: 13.616 GC heap before
{Heap before GC invocations=582 (full 3):
 PSYoungGen      total 4096K, used 3973K [0x00000000eab00000, 0x00000000eb080000, 0x0000000100000000)
  eden space 3072K, 100% used [0x00000000eab00000,0x00000000eae00000,0x00000000eae00000)
  from space 1024K, 88% used [0x00000000eaf80000,0x00000000eb061760,0x00000000eb080000)
  to   space 1024K, 0% used [0x00000000eae80000,0x00000000eae80000,0x00000000eaf80000)
 ParOldGen       total 459776K, used 459382K [0x00000000c0000000, 0x00000000dc100000, 0x00000000eab00000)
  object space 459776K, 99% used [0x00000000c0000000,0x00000000dc09da90,0x00000000dc100000)
 Metaspace       used 64301K, committed 65664K, reserved 1114112K
  class space    used 6503K, committed 7104K, reserved 1048576K
}

