# JRE version: OpenJDK Runtime Environment Temurin-21.0.7+6 (21.0.7+6) (build 21.0.7+6-LTS)
# Java VM: OpenJDK 64-Bit Server VM Temurin-21.0.7+6 (21.0.7+6-LTS, mixed mode, sharing, tiered, compressed oops, compressed class ptrs, parallel gc, windows-amd64)
GC Precious Log:
 CardTable entry size: 512
 CPUs: 20 total, 20 available
 Memory: 32452M
 Large Page Support: Disabled
 NUMA Support: Disabled
 Compressed Oops: Enabled (32-bit)
 Alignments: Space 512K, Generation 512K, Heap 2M
 Heap Min Capacity: 100M
 Heap Initial Capacity: 100M
 Heap Max Capacity: 1G
 Pre-touch: Disabled
 Parallel Workers: 15
Heap:
 PSYoungGen      total 3072K, used 2720K [0x00000000eab00000, 0x00000000eaf00000, 0x0000000100000000)
  eden space 2048K, 100% used [0x00000000eab00000,0x00000000ead00000,0x00000000ead00000)
  from space 1024K, 65% used [0x00000000eae00000,0x00000000eaea8000,0x00000000eaf00000)
  to   space 1024K, 71% used [0x00000000ead00000,0x00000000eadb8000,0x00000000eae00000)
 ParOldGen       total 532992K, used 532727K [0x00000000c0000000, 0x00000000e0880000, 0x00000000eab00000)
  object space 532992K, 99% used [0x00000000c0000000,0x00000000e083dd68,0x00000000e0880000)
 Metaspace       used 57537K, committed 58816K, reserved 1114112K
  class space    used 5818K, committed 6400K, reserved 1048576K
GC Heap History (20 events):
Event: 12.017 GC heap before
{Heap before GC invocations=513 (full 2):
 PSYoungGen      total 3584K, used 3384K [0x00000000eab00000, 0x00000000eaf80000, 0x0000000100000000)
  eden space 2560K, 100% used [0x00000000eab00000,0x00000000ead80000,0x00000000ead80000)
  from space 1024K, 80% used [0x00000000eae80000,0x00000000eaf4e118,0x00000000eaf80000)
  to   space 1024K, 0% used [0x00000000ead80000,0x00000000ead80000,0x00000000eae80000)
 ParOldGen       total 521216K, used 521029K [0x00000000c0000000, 0x00000000dfd00000, 0x00000000eab00000)
  object space 521216K, 99% used [0x00000000c0000000,0x00000000dfcd1590,0x00000000dfd00000)
 Metaspace       used 57344K, committed 58560K, reserved 1114112K
  class space    used 5805K, committed 6336K, reserved 1048576K
}
Event: 12.018 GC heap after
{Heap after GC invocations=513 (full 2):
 PSYoungGen      total 3584K, used 818K [0x00000000eab00000, 0x00000000eaf80000, 0x0000000100000000)
  eden space 2560K, 0% used [0x00000000eab00000,0x00000000eab00000,0x00000000ead80000)
  from space 1024K, 79% used [0x00000000ead80000,0x00000000eae4c8e0,0x00000000eae80000)
  to   space 1024K, 0% used [0x00000000eae80000,0x00000000eae80000,0x00000000eaf80000)
 ParOldGen       total 521728K, used 521685K [0x00000000c0000000, 0x00000000dfd80000, 0x00000000eab00000)
  object space 521728K, 99% used [0x00000000c0000000,0x00000000dfd75408,0x00000000dfd80000)
 Metaspace       used 57344K, committed 58560K, reserved 1114112K
  class space    used 5805K, committed 6336K, reserved 1048576K
}
Event: 12.022 GC heap before
{Heap before GC invocations=514 (full 2):
 PSYoungGen      total 3584K, used 3378K [0x00000000eab00000, 0x00000000eaf80000, 0x0000000100000000)
  eden space 2560K, 100% used [0x00000000eab00000,0x00000000ead80000,0x00000000ead80000)
  from space 1024K, 79% used [0x00000000ead80000,0x00000000eae4c8e0,0x00000000eae80000)
  to   space 1024K, 0% used [0x00000000eae80000,0x00000000eae80000,0x00000000eaf80000)
 ParOldGen       total 521728K, used 521685K [0x00000000c0000000, 0x00000000dfd80000, 0x00000000eab00000)
  object space 521728K, 99% used [0x00000000c0000000,0x00000000dfd75408,0x00000000dfd80000)
 Metaspace       used 57349K, committed 58560K, reserved 1114112K
  class space    used 5805K, committed 6336K, reserved 1048576K
}
Event: 12.024 GC heap after
{Heap after GC invocations=514 (full 2):
 PSYoungGen      total 3584K, used 800K [0x00000000eab00000, 0x00000000eaf80000, 0x0000000100000000)
  eden space 2560K, 0% used [0x00000000eab00000,0x00000000eab00000,0x00000000ead80000)
  from space 1024K, 78% used [0x00000000eae80000,0x00000000eaf480d0,0x00000000eaf80000)
  to   space 1024K, 0% used [0x00000000ead80000,0x00000000ead80000,0x00000000eae80000)
 ParOldGen       total 522752K, used 522347K [0x00000000c0000000, 0x00000000dfe80000, 0x00000000eab00000)
  object space 522752K, 99% used [0x00000000c0000000,0x00000000dfe1ac30,0x00000000dfe80000)
 Metaspace       used 57349K, committed 58560K, reserved 1114112K
  class space    used 5805K, committed 6336K, reserved 1048576K
}
Event: 12.028 GC heap before
{Heap before GC invocations=515 (full 2):
 PSYoungGen      total 3584K, used 3360K [0x00000000eab00000, 0x00000000eaf80000, 0x0000000100000000)
  eden space 2560K, 100% used [0x00000000eab00000,0x00000000ead80000,0x00000000ead80000)
  from space 1024K, 78% used [0x00000000eae80000,0x00000000eaf480d0,0x00000000eaf80000)
  to   space 1024K, 0% used [0x00000000ead80000,0x00000000ead80000,0x00000000eae80000)
 ParOldGen       total 522752K, used 522347K [0x00000000c0000000, 0x00000000dfe80000, 0x00000000eab00000)
  object space 522752K, 99% used [0x00000000c0000000,0x00000000dfe1ac30,0x00000000dfe80000)
 Metaspace       used 57378K, committed 58560K, reserved 1114112K
  class space    used 5805K, committed 6336K, reserved 1048576K
}
Event: 12.029 GC heap after
{Heap after GC invocations=515 (full 2):
 PSYoungGen      total 3584K, used 904K [0x00000000eab00000, 0x00000000eaf80000, 0x0000000100000000)
  eden space 2560K, 0% used [0x00000000eab00000,0x00000000eab00000,0x00000000ead80000)
  from space 1024K, 88% used [0x00000000ead80000,0x00000000eae622f8,0x00000000eae80000)
  to   space 1024K, 0% used [0x00000000eae80000,0x00000000eae80000,0x00000000eaf80000)
 ParOldGen       total 523264K, used 522957K [0x00000000c0000000, 0x00000000dff00000, 0x00000000eab00000)
  object space 523264K, 99% used [0x00000000c0000000,0x00000000dfeb34b8,0x00000000dff00000)
 Metaspace       used 57378K, committed 58560K, reserved 1114112K
  class space    used 5805K, committed 6336K, reserved 1048576K
}
Event: 12.035 GC heap before
{Heap before GC invocations=516 (full 2):
 PSYoungGen      total 3584K, used 3464K [0x00000000eab00000, 0x00000000eaf80000, 0x0000000100000000)
  eden space 2560K, 100% used [0x00000000eab00000,0x00000000ead80000,0x00000000ead80000)
  from space 1024K, 88% used [0x00000000ead80000,0x00000000eae622f8,0x00000000eae80000)
  to   space 1024K, 0% used [0x00000000eae80000,0x00000000eae80000,0x00000000eaf80000)
 ParOldGen       total 523264K, used 522957K [0x00000000c0000000, 0x00000000dff00000, 0x00000000eab00000)
  object space 523264K, 99% used [0x00000000c0000000,0x00000000dfeb34b8,0x00000000dff00000)
 Metaspace       used 57394K, committed 58624K, reserved 1114112K
  class space    used 5805K, committed 6336K, reserved 1048576K
}
Event: 12.036 GC heap after
{Heap after GC invocations=516 (full 2):
 PSYoungGen      total 3584K, used 800K [0x00000000eab00000, 0x00000000eaf80000, 0x0000000100000000)
  eden space 2560K, 0% used [0x00000000eab00000,0x00000000eab00000,0x00000000ead80000)
  from space 1024K, 78% used [0x00000000eae80000,0x00000000eaf48000,0x00000000eaf80000)
  to   space 1024K, 0% used [0x00000000ead80000,0x00000000ead80000,0x00000000eae80000)
 ParOldGen       total 523776K, used 523653K [0x00000000c0000000, 0x00000000dff80000, 0x00000000eab00000)
  object space 523776K, 99% used [0x00000000c0000000,0x00000000dff615e8,0x00000000dff80000)
 Metaspace       used 57394K, committed 58624K, reserved 1114112K
  class space    used 5805K, committed 6336K, reserved 1048576K
}
Event: 12.040 GC heap before
{Heap before GC invocations=517 (full 2):
 PSYoungGen      total 3584K, used 3360K [0x00000000eab00000, 0x00000000eaf80000, 0x0000000100000000)
  eden space 2560K, 100% used [0x00000000eab00000,0x00000000ead80000,0x00000000ead80000)
  from space 1024K, 78% used [0x00000000eae80000,0x00000000eaf48000,0x00000000eaf80000)
  to   space 1024K, 0% used [0x00000000ead80000,0x00000000ead80000,0x00000000eae80000)
 ParOldGen       total 523776K, used 523653K [0x00000000c0000000, 0x00000000dff80000, 0x00000000eab00000)
  object space 523776K, 99% used [0x00000000c0000000,0x00000000dff615e8,0x00000000dff80000)
 Metaspace       used 57398K, committed 58624K, reserved 1114112K
  class space    used 5805K, committed 6336K, reserved 1048576K
}
Event: 12.041 GC heap after
{Heap after GC invocations=517 (full 2):
 PSYoungGen      total 3584K, used 768K [0x00000000eab00000, 0x00000000eb000000, 0x0000000100000000)
  eden space 2560K, 0% used [0x00000000eab00000,0x00000000eab00000,0x00000000ead80000)
  from space 1024K, 75% used [0x00000000ead80000,0x00000000eae40000,0x00000000eae80000)
  to   space 1024K, 0% used [0x00000000eaf00000,0x00000000eaf00000,0x00000000eb000000)
 ParOldGen       total 524800K, used 524307K [0x00000000c0000000, 0x00000000e0080000, 0x00000000eab00000)
  object space 524800K, 99% used [0x00000000c0000000,0x00000000e0004c50,0x00000000e0080000)
 Metaspace       used 57398K, committed 58624K, reserved 1114112K
  class space    used 5805K, committed 6336K, reserved 1048576K
}
Event: 12.061 GC heap before
{Heap before GC invocations=518 (full 2):
 PSYoungGen      total 3584K, used 3328K [0x00000000eab00000, 0x00000000eb000000, 0x0000000100000000)
  eden space 2560K, 100% used [0x00000000eab00000,0x00000000ead80000,0x00000000ead80000)
  from space 1024K, 75% used [0x00000000ead80000,0x00000000eae40000,0x00000000eae80000)
  to   space 1024K, 0% used [0x00000000eaf00000,0x00000000eaf00000,0x00000000eb000000)
 ParOldGen       total 524800K, used 524307K [0x00000000c0000000, 0x00000000e0080000, 0x00000000eab00000)
  object space 524800K, 99% used [0x00000000c0000000,0x00000000e0004c50,0x00000000e0080000)
 Metaspace       used 57410K, committed 58624K, reserved 1114112K
  class space    used 5806K, committed 6336K, reserved 1048576K
}
Event: 12.062 GC heap after
{Heap after GC invocations=518 (full 2):
 PSYoungGen      total 3584K, used 813K [0x00000000eab00000, 0x00000000eb000000, 0x0000000100000000)
  eden space 2560K, 0% used [0x00000000eab00000,0x00000000eab00000,0x00000000ead80000)
  from space 1024K, 79% used [0x00000000eaf00000,0x00000000eafcb768,0x00000000eb000000)
  to   space 1024K, 0% used [0x00000000ead80000,0x00000000ead80000,0x00000000eae80000)
 ParOldGen       total 525312K, used 524914K [0x00000000c0000000, 0x00000000e0100000, 0x00000000eab00000)
  object space 525312K, 99% used [0x00000000c0000000,0x00000000e009c868,0x00000000e0100000)
 Metaspace       used 57410K, committed 58624K, reserved 1114112K
  class space    used 5806K, committed 6336K, reserved 1048576K
}
Event: 12.067 GC heap before
{Heap before GC invocations=519 (full 2):
 PSYoungGen      total 3584K, used 3373K [0x00000000eab00000, 0x00000000eb000000, 0x0000000100000000)
  eden space 2560K, 100% used [0x00000000eab00000,0x00000000ead80000,0x00000000ead80000)
  from space 1024K, 79% used [0x00000000eaf00000,0x00000000eafcb768,0x00000000eb000000)
  to   space 1024K, 0% used [0x00000000ead80000,0x00000000ead80000,0x00000000eae80000)
 ParOldGen       total 525312K, used 524914K [0x00000000c0000000, 0x00000000e0100000, 0x00000000eab00000)
  object space 525312K, 99% used [0x00000000c0000000,0x00000000e009c868,0x00000000e0100000)
 Metaspace       used 57420K, committed 58624K, reserved 1114112K
  class space    used 5807K, committed 6336K, reserved 1048576K
}
Event: 12.068 GC heap after
{Heap after GC invocations=519 (full 2):
 PSYoungGen      total 3584K, used 818K [0x00000000eab00000, 0x00000000eaf80000, 0x0000000100000000)
  eden space 2560K, 0% used [0x00000000eab00000,0x00000000eab00000,0x00000000ead80000)
  from space 1024K, 79% used [0x00000000ead80000,0x00000000eae4cad8,0x00000000eae80000)
  to   space 1024K, 0% used [0x00000000eae80000,0x00000000eae80000,0x00000000eaf80000)
 ParOldGen       total 525824K, used 525582K [0x00000000c0000000, 0x00000000e0180000, 0x00000000eab00000)
  object space 525824K, 99% used [0x00000000c0000000,0x00000000e01438f8,0x00000000e0180000)
 Metaspace       used 57420K, committed 58624K, reserved 1114112K
  class space    used 5807K, committed 6336K, reserved 1048576K
}
Event: 12.073 GC heap before
{Heap before GC invocations=520 (full 2):
 PSYoungGen      total 3584K, used 3378K [0x00000000eab00000, 0x00000000eaf80000, 0x0000000100000000)
  eden space 2560K, 100% used [0x00000000eab00000,0x00000000ead80000,0x00000000ead80000)
  from space 1024K, 79% used [0x00000000ead80000,0x00000000eae4cad8,0x00000000eae80000)
  to   space 1024K, 0% used [0x00000000eae80000,0x00000000eae80000,0x00000000eaf80000)
 ParOldGen       total 525824K, used 525582K [0x00000000c0000000, 0x00000000e0180000, 0x00000000eab00000)
  object space 525824K, 99% used [0x00000000c0000000,0x00000000e01438f8,0x00000000e0180000)
 Metaspace       used 57431K, committed 58688K, reserved 1114112K
  class space    used 5808K, committed 6400K, reserved 1048576K
}
Event: 12.074 GC heap after
{Heap after GC invocations=520 (full 2):
 PSYoungGen      total 3584K, used 800K [0x00000000eab00000, 0x00000000eaf80000, 0x0000000100000000)
  eden space 2560K, 0% used [0x00000000eab00000,0x00000000eab00000,0x00000000ead80000)
  from space 1024K, 78% used [0x00000000eae80000,0x00000000eaf48000,0x00000000eaf80000)
  to   space 1024K, 0% used [0x00000000ead80000,0x00000000ead80000,0x00000000eae80000)
 ParOldGen       total 526336K, used 526205K [0x00000000c0000000, 0x00000000e0200000, 0x00000000eab00000)
  object space 526336K, 99% used [0x00000000c0000000,0x00000000e01df460,0x00000000e0200000)
 Metaspace       used 57431K, committed 58688K, reserved 1114112K
  class space    used 5808K, committed 6400K, reserved 1048576K
}
Event: 12.081 GC heap before
{Heap before GC invocations=521 (full 2):
 PSYoungGen      total 3584K, used 3360K [0x00000000eab00000, 0x00000000eaf80000, 0x0000000100000000)
  eden space 2560K, 100% used [0x00000000eab00000,0x00000000ead80000,0x00000000ead80000)
  from space 1024K, 78% used [0x00000000eae80000,0x00000000eaf48000,0x00000000eaf80000)
  to   space 1024K, 0% used [0x00000000ead80000,0x00000000ead80000,0x00000000eae80000)
 ParOldGen       total 526336K, used 526205K [0x00000000c0000000, 0x00000000e0200000, 0x00000000eab00000)
  object space 526336K, 99% used [0x00000000c0000000,0x00000000e01df460,0x00000000e0200000)
 Metaspace       used 57450K, committed 58688K, reserved 1114112K
  class space    used 5809K, committed 6400K, reserved 1048576K
}
Event: 12.082 GC heap after
{Heap after GC invocations=521 (full 2):
 PSYoungGen      total 3584K, used 768K [0x00000000eab00000, 0x00000000eaf80000, 0x0000000100000000)
  eden space 2560K, 0% used [0x00000000eab00000,0x00000000eab00000,0x00000000ead80000)
  from space 1024K, 75% used [0x00000000ead80000,0x00000000eae40000,0x00000000eae80000)
  to   space 1024K, 0% used [0x00000000eae80000,0x00000000eae80000,0x00000000eaf80000)
 ParOldGen       total 526848K, used 526841K [0x00000000c0000000, 0x00000000e0280000, 0x00000000eab00000)
  object space 526848K, 99% used [0x00000000c0000000,0x00000000e027e5c8,0x00000000e0280000)
 Metaspace       used 57450K, committed 58688K, reserved 1114112K
  class space    used 5809K, committed 6400K, reserved 1048576K
}
Event: 12.085 GC heap before
{Heap before GC invocations=522 (full 2):
 PSYoungGen      total 3584K, used 3328K [0x00000000eab00000, 0x00000000eaf80000, 0x0000000100000000)
  eden space 2560K, 100% used [0x00000000eab00000,0x00000000ead80000,0x00000000ead80000)
  from space 1024K, 75% used [0x00000000ead80000,0x00000000eae40000,0x00000000eae80000)
  to   space 1024K, 0% used [0x00000000eae80000,0x00000000eae80000,0x00000000eaf80000)
 ParOldGen       total 526848K, used 526841K [0x00000000c0000000, 0x00000000e0280000, 0x00000000eab00000)
  object space 526848K, 99% used [0x00000000c0000000,0x00000000e027e5c8,0x00000000e0280000)
 Metaspace       used 57460K, committed 58752K, reserved 1114112K
  class space    used 5809K, committed 6400K, reserved 1048576K
}
Event: 12.086 GC heap after
{Heap after GC invocations=522 (full 2):
 PSYoungGen      total 3584K, used 758K [0x00000000eab00000, 0x00000000eaf80000, 0x0000000100000000)
  eden space 2560K, 0% used [0x00000000eab00000,0x00000000eab00000,0x00000000ead80000)
  from space 1024K, 74% used [0x00000000eae80000,0x00000000eaf3d8f8,0x00000000eaf80000)
  to   space 1024K, 0% used [0x00000000ead80000,0x00000000ead80000,0x00000000eae80000)
 ParOldGen       total 527872K, used 527463K [0x00000000c0000000, 0x00000000e0380000, 0x00000000eab00000)
  object space 527872K, 99% used [0x00000000c0000000,0x00000000e0319c68,0x00000000e0380000)
 Metaspace       used 57460K, committed 58752K, reserved 1114112K
  class space    used 5809K, committed 6400K, reserved 1048576K
}

